This is XeTeX, Version 3.141592653-2.6-0.999998 (TeX Live 2026) (preloaded format=xelatex 2026.3.31)  28 APR 2026 15:39
entering extended mode
 restricted \write18 enabled.
 %&-line parsing enabled.
**scdon2-UPV-report-template.tex
(./scdon2-UPV-report-template.tex
LaTeX2e <2025-11-01>
L3 programming layer <2026-03-20>
(./unswthesis.cls
Document Class: unswthesis 1999/11/10  v2.42  UNSW thesis class
(c:/Users/MSI/AppData/Roaming/TinyTeX/texmf-dist/tex/latex/base/report.cls
Document Class: report 2025/01/22 v1.4n Standard LaTeX document class
(c:/Users/MSI/AppData/Roaming/TinyTeX/texmf-dist/tex/latex/base/size12.clo
File: size12.clo 2025/01/22 v1.4n Standard LaTeX file (size option)
)
\c@part=\count271
\c@chapter=\count272
\c@section=\count273
\c@subsection=\count274
\c@subsubsection=\count275
\c@paragraph=\count276
\c@subparagraph=\count277
\c@figure=\count278
\c@table=\count279
\abovecaptionskip=\skip49
\belowcaptionskip=\skip50
\bibindent=\dimen150
)
\chaprule=\skip51
\ATchapskip=\skip52
\@chapwidth=\skip53
) (c:/Users/MSI/AppData/Roaming/TinyTeX/texmf-dist/tex/latex/graphics/color.sty
Package: color 2025/01/14 v1.3e Standard LaTeX Color (DPC)
(c:/Users/MSI/AppData/Roaming/TinyTeX/texmf-dist/tex/latex/graphics-cfg/color.cfg
File: color.cfg 2016/01/02 v1.6 sample color configuration
)
Package color Info: Driver file: xetex.def on input line 149.
(c:/Users/MSI/AppData/Roaming/TinyTeX/texmf-dist/tex/latex/graphics-def/xetex.def
File: xetex.def 2025/11/01 v5.0p Graphics/color driver for xetex
) (c:/Users/MSI/AppData/Roaming/TinyTeX/texmf-dist/tex/latex/graphics/mathcolor.ltx)) (c:/Users/MSI/AppData/Roaming/TinyTeX/texmf-dist/tex/latex/fancyvrb/fancyvrb.sty
Package: fancyvrb 2026/04/16 4.6a verbatim text (tvz,hv)
(c:/Users/MSI/AppData/Roaming/TinyTeX/texmf-dist/tex/latex/graphics/keyval.sty
Package: keyval 2022/05/29 v1.15 key=value parser (DPC)
\KV@toks@=\toks17
)
\FV@CodeLineNo=\count280
\FV@InFile=\read2
\FV@TabBox=\box53
\c@FancyVerbLine=\count281
\FV@StepNumber=\count282
\FV@OutFile=\write3
) (c:/Users/MSI/AppData/Roaming/TinyTeX/texmf-dist/tex/latex/framed/framed.sty
Package: framed 2011/10/22 v 0.96: framed or shaded text with page breaks
\OuterFrameSep=\skip54
\fb@frw=\dimen151
\fb@frh=\dimen152
\FrameRule=\dimen153
\FrameSep=\dimen154
) (./header.tex (c:/Users/MSI/AppData/Roaming/TinyTeX/texmf-dist/tex/latex/amsfonts/amsfonts.sty
Package: amsfonts 2013/01/14 v3.01 Basic AMSFonts support
\@emptytoks=\toks18
\symAMSa=\mathgroup4
\symAMSb=\mathgroup5
LaTeX Font Info:    Redeclaring math symbol \hbar on input line 98.
LaTeX Font Info:    Overwriting math alphabet `\mathfrak' in version `bold'
(Font)                  U/euf/m/n --> U/euf/b/n on input line 106.
) (c:/Users/MSI/AppData/Roaming/TinyTeX/texmf-dist/tex/latex/amsfonts/amssymb.sty
Package: amssymb 2013/01/14 v3.01 AMS font symbols
) (c:/Users/MSI/AppData/Roaming/TinyTeX/texmf-dist/tex/latex/amscls/amsthm.sty
Package: amsthm 2020/05/29 v2.20.6
\thm@style=\toks19
\thm@bodyfont=\toks20
\thm@headfont=\toks21
\thm@notefont=\toks22
\thm@headpunct=\toks23
\thm@preskip=\skip55
\thm@postskip=\skip56
\thm@headsep=\skip57
\dth@everypar=\toks24
) (c:/Users/MSI/AppData/Roaming/TinyTeX/texmf-dist/tex/latex/base/latexsym.sty
Package: latexsym 1998/08/17 v2.2e Standard LaTeX package (lasy symbols)
\symlasy=\mathgroup6
LaTeX Font Info:    Overwriting symbol font `lasy' in version `bold'
(Font)                  U/lasy/m/n --> U/lasy/b/n on input line 52.
) (c:/Users/MSI/AppData/Roaming/TinyTeX/texmf-dist/tex/latex/amsmath/amsmath.sty
Package: amsmath 2025/07/09 v2.17z AMS math features
\@mathmargin=\skip58
For additional information on amsmath, use the `?' option.
(c:/Users/MSI/AppData/Roaming/TinyTeX/texmf-dist/tex/latex/amsmath/amstext.sty
Package: amstext 2024/11/17 v2.01 AMS text
(c:/Users/MSI/AppData/Roaming/TinyTeX/texmf-dist/tex/latex/amsmath/amsgen.sty
File: amsgen.sty 1999/11/30 v2.0 generic functions
\@emptytoks=\toks25
\ex@=\dimen155
)) (c:/Users/MSI/AppData/Roaming/TinyTeX/texmf-dist/tex/latex/amsmath/amsbsy.sty
Package: amsbsy 1999/11/29 v1.2d Bold Symbols
\pmbraise@=\dimen156
) (c:/Users/MSI/AppData/Roaming/TinyTeX/texmf-dist/tex/latex/amsmath/amsopn.sty
Package: amsopn 2022/04/08 v2.04 operator names
)
\inf@bad=\count283
LaTeX Info: Redefining \frac on input line 233.
\uproot@=\count284
\leftroot@=\count285
LaTeX Info: Redefining \overline on input line 398.
LaTeX Info: Redefining \colon on input line 409.
\classnum@=\count286
\DOTSCASE@=\count287
LaTeX Info: Redefining \ldots on input line 495.
LaTeX Info: Redefining \dots on input line 498.
LaTeX Info: Redefining \cdots on input line 619.
\Mathstrutbox@=\box54
\strutbox@=\box55
LaTeX Info: Redefining \big on input line 721.
LaTeX Info: Redefining \Big on input line 722.
LaTeX Info: Redefining \bigg on input line 723.
LaTeX Info: Redefining \Bigg on input line 724.
\big@size=\dimen157
LaTeX Font Info:    Redeclaring font encoding OML on input line 742.
LaTeX Font Info:    Redeclaring font encoding OMS on input line 743.
\macc@depth=\count288
LaTeX Info: Redefining \bmod on input line 904.
LaTeX Info: Redefining \pmod on input line 909.
LaTeX Info: Redefining \smash on input line 939.
LaTeX Info: Redefining \relbar on input line 969.
LaTeX Info: Redefining \Relbar on input line 970.
\c@MaxMatrixCols=\count289
\dotsspace@=\muskip17
\c@parentequation=\count290
\dspbrk@lvl=\count291
\tag@help=\toks26
\row@=\count292
\column@=\count293
\maxfields@=\count294
\andhelp@=\toks27
\eqnshift@=\dimen158
\alignsep@=\dimen159
\tagshift@=\dimen160
\tagwidth@=\dimen161
\totwidth@=\dimen162
\lineht@=\dimen163
\@envbody=\toks28
\multlinegap=\skip59
\multlinetaggap=\skip60
\mathdisplay@stack=\toks29
LaTeX Info: Redefining \[ on input line 2950.
LaTeX Info: Redefining \] on input line 2951.
) (c:/Users/MSI/AppData/Roaming/TinyTeX/texmf-dist/tex/latex/graphics/graphicx.sty
Package: graphicx 2024/12/31 v1.2e Enhanced LaTeX Graphics (DPC,SPQR)
(c:/Users/MSI/AppData/Roaming/TinyTeX/texmf-dist/tex/latex/graphics/graphics.sty
Package: graphics 2024/08/06 v1.4g Standard LaTeX Graphics (DPC,SPQR)
(c:/Users/MSI/AppData/Roaming/TinyTeX/texmf-dist/tex/latex/graphics/trig.sty
Package: trig 2023/12/02 v1.11 sin cos tan (DPC)
) (c:/Users/MSI/AppData/Roaming/TinyTeX/texmf-dist/tex/latex/graphics-cfg/graphics.cfg
File: graphics.cfg 2016/06/04 v1.11 sample graphics configuration
)
Package graphics Info: Driver file: xetex.def on input line 106.
)
\Gin@req@height=\dimen164
\Gin@req@width=\dimen165
) (c:/Users/MSI/AppData/Roaming/TinyTeX/texmf-dist/tex/latex/tools/afterpage.sty
Package: afterpage 2023/07/04 v1.08 After-Page Package (DPC)
\AP@output=\toks30
\AP@partial=\box56
\AP@footins=\box57
) (c:/Users/MSI/AppData/Roaming/TinyTeX/texmf-dist/tex/latex/hyperref/hyperref.sty
Package: hyperref 2026-04-24 v7.01q Hypertext links for LaTeX
(c:/Users/MSI/AppData/Roaming/TinyTeX/texmf-dist/tex/generic/iftex/iftex.sty
Package: iftex 2024/12/12 v1.0g TeX engine tests
) (c:/Users/MSI/AppData/Roaming/TinyTeX/texmf-dist/tex/latex/kvsetkeys/kvsetkeys.sty
Package: kvsetkeys 2022-10-05 v1.19 Key value parser (HO)
) (c:/Users/MSI/AppData/Roaming/TinyTeX/texmf-dist/tex/generic/kvdefinekeys/kvdefinekeys.sty
Package: kvdefinekeys 2019-12-19 v1.6 Define keys (HO)
) (c:/Users/MSI/AppData/Roaming/TinyTeX/texmf-dist/tex/generic/pdfescape/pdfescape.sty
Package: pdfescape 2019/12/09 v1.15 Implements pdfTeX's escape features (HO)
(c:/Users/MSI/AppData/Roaming/TinyTeX/texmf-dist/tex/generic/ltxcmds/ltxcmds.sty
Package: ltxcmds 2023-12-04 v1.26 LaTeX kernel commands for general use (HO)
) (c:/Users/MSI/AppData/Roaming/TinyTeX/texmf-dist/tex/generic/pdftexcmds/pdftexcmds.sty
Package: pdftexcmds 2020-06-27 v0.33 Utility functions of pdfTeX for LuaTeX (HO)
(c:/Users/MSI/AppData/Roaming/TinyTeX/texmf-dist/tex/generic/infwarerr/infwarerr.sty
Package: infwarerr 2019/12/03 v1.5 Providing info/warning/error messages (HO)
)
Package pdftexcmds Info: \pdf@primitive is available.
Package pdftexcmds Info: \pdf@ifprimitive is available.
Package pdftexcmds Info: \pdfdraftmode not found.
)) (c:/Users/MSI/AppData/Roaming/TinyTeX/texmf-dist/tex/latex/hycolor/hycolor.sty
Package: hycolor 2020-01-27 v1.10 Color options for hyperref/bookmark (HO)
) (c:/Users/MSI/AppData/Roaming/TinyTeX/texmf-dist/tex/latex/hyperref/nameref.sty
Package: nameref 2026-01-29 v2.58 Cross-referencing by name of section
(c:/Users/MSI/AppData/Roaming/TinyTeX/texmf-dist/tex/latex/refcount/refcount.sty
Package: refcount 2019/12/15 v3.6 Data extraction from label references (HO)
) (c:/Users/MSI/AppData/Roaming/TinyTeX/texmf-dist/tex/generic/gettitlestring/gettitlestring.sty
Package: gettitlestring 2019/12/15 v1.6 Cleanup title references (HO)
(c:/Users/MSI/AppData/Roaming/TinyTeX/texmf-dist/tex/latex/kvoptions/kvoptions.sty
Package: kvoptions 2022-06-15 v3.15 Key value format for package options (HO)
))
\c@section@level=\count295
) (c:/Users/MSI/AppData/Roaming/TinyTeX/texmf-dist/tex/latex/etoolbox/etoolbox.sty
Package: etoolbox 2025/10/02 v2.5m e-TeX tools for LaTeX (JAW)
\etb@tempcnta=\count296
) (c:/Users/MSI/AppData/Roaming/TinyTeX/texmf-dist/tex/generic/stringenc/stringenc.sty
Package: stringenc 2019/11/29 v1.12 Convert strings between diff. encodings (HO)
)
\@linkdim=\dimen166
\Hy@linkcounter=\count297
\Hy@pagecounter=\count298
(c:/Users/MSI/AppData/Roaming/TinyTeX/texmf-dist/tex/latex/hyperref/pd1enc.def
File: pd1enc.def 2026-04-24 v7.01q Hyperref: PDFDocEncoding definition (HO)
) (c:/Users/MSI/AppData/Roaming/TinyTeX/texmf-dist/tex/generic/intcalc/intcalc.sty
Package: intcalc 2019/12/15 v1.3 Expandable calculations with integers (HO)
)
\Hy@SavedSpaceFactor=\count299
(c:/Users/MSI/AppData/Roaming/TinyTeX/texmf-dist/tex/latex/hyperref/puenc.def
File: puenc.def 2026-04-24 v7.01q Hyperref: PDF Unicode definition (HO)
)
Package hyperref Info: Option `colorlinks' set `true' on input line 4070.
Package hyperref Info: Hyper figures OFF on input line 4199.
Package hyperref Info: Link nesting OFF on input line 4204.
Package hyperref Info: Hyper index ON on input line 4207.
Package hyperref Info: Plain pages OFF on input line 4214.
Package hyperref Info: Backreferencing OFF on input line 4219.
Package hyperref Info: Implicit mode ON; LaTeX internals redefined.
Package hyperref Info: Bookmarks ON on input line 4466.
\c@Hy@tempcnt=\count300
(c:/Users/MSI/AppData/Roaming/TinyTeX/texmf-dist/tex/latex/url/url.sty
\Urlmuskip=\muskip18
Package: url 2013/09/16  ver 3.4  Verb mode for urls, etc.
)
LaTeX Info: Redefining \url on input line 4805.
\XeTeXLinkMargin=\dimen167
(c:/Users/MSI/AppData/Roaming/TinyTeX/texmf-dist/tex/generic/bitset/bitset.sty
Package: bitset 2019/12/09 v1.3 Handle bit-vector datatype (HO)
(c:/Users/MSI/AppData/Roaming/TinyTeX/texmf-dist/tex/generic/bigintcalc/bigintcalc.sty
Package: bigintcalc 2019/12/15 v1.5 Expandable calculations on big integers (HO)
))
\Fld@menulength=\count301
\Field@Width=\dimen168
\Fld@charsize=\dimen169
Package hyperref Info: Hyper figures OFF on input line 6091.
Package hyperref Info: Link nesting OFF on input line 6096.
Package hyperref Info: Hyper index ON on input line 6099.
Package hyperref Info: backreferencing OFF on input line 6106.
Package hyperref Info: Link coloring ON on input line 6109.
Package hyperref Info: Link coloring with OCG OFF on input line 6116.
Package hyperref Info: PDF/A mode OFF on input line 6121.
\Hy@abspage=\count302
\c@Item=\count303
\c@Hfootnote=\count304
)
Package hyperref Info: Driver (autodetected): hxetex.
(c:/Users/MSI/AppData/Roaming/TinyTeX/texmf-dist/tex/latex/hyperref/hxetex.def
File: hxetex.def 2026-04-24 v7.01q Hyperref driver for XeTeX
\pdfm@box=\box58
\c@Hy@AnnotLevel=\count305
\HyField@AnnotCount=\count306
\Fld@listcount=\count307
\c@bookmark@seq@number=\count308
(c:/Users/MSI/AppData/Roaming/TinyTeX/texmf-dist/tex/latex/rerunfilecheck/rerunfilecheck.sty
Package: rerunfilecheck 2025-06-21 v1.11 Rerun checks for auxiliary files (HO)
(c:/Users/MSI/AppData/Roaming/TinyTeX/texmf-dist/tex/generic/uniquecounter/uniquecounter.sty
Package: uniquecounter 2019/12/15 v1.4 Provide unlimited unique counter (HO)
)
Package uniquecounter Info: New unique counter `rerunfilecheck' on input line 284.
)
\Hy@SectionHShift=\skip61
)
Package hyperref Info: Option `colorlinks' set `true' on input line 39.
(c:/Users/MSI/AppData/Roaming/TinyTeX/texmf-dist/tex/latex/base/textcomp.sty
Package: textcomp 2024/04/24 v2.1b Standard LaTeX package
) (c:/Users/MSI/AppData/Roaming/TinyTeX/texmf-dist/tex/latex/tools/longtable.sty
Package: longtable 2025-10-13 v4.24 Multi-page Table package (DPC)
\LTleft=\skip62
\LTright=\skip63
\LTpre=\skip64
\LTpost=\skip65
\LTchunksize=\count309
\LTcapwidth=\dimen170
\LT@head=\box59
\LT@firsthead=\box60
\LT@foot=\box61
\LT@lastfoot=\box62
\LT@gbox=\box63
\LT@cols=\count310
\LT@rows=\count311
\c@LT@tables=\count312
\c@LT@chunks=\count313
\LT@p@ftn=\toks31
) (c:/Users/MSI/AppData/Roaming/TinyTeX/texmf-dist/tex/latex/booktabs/booktabs.sty
Package: booktabs 2020/01/12 v1.61803398 Publication quality tables
\heavyrulewidth=\dimen171
\lightrulewidth=\dimen172
\cmidrulewidth=\dimen173
\belowrulesep=\dimen174
\belowbottomsep=\dimen175
\aboverulesep=\dimen176
\abovetopsep=\dimen177
\cmidrulesep=\dimen178
\cmidrulekern=\dimen179
\defaultaddspace=\dimen180
\@cmidla=\count314
\@cmidlb=\count315
\@aboverulesep=\dimen181
\@belowrulesep=\dimen182
\@thisruleclass=\count316
\@lastruleclass=\count317
\@thisrulewidth=\dimen183
) (c:/Users/MSI/AppData/Roaming/TinyTeX/texmf-dist/tex/latex/float/float.sty
Package: float 2001/11/08 v1.3d Float enhancements (AL)
\c@float@type=\count318
\float@exts=\toks32
\float@box=\box64
\@float@everytoks=\toks33
\@floatcapt=\box65
) (c:/Users/MSI/AppData/Roaming/TinyTeX/texmf-dist/tex/latex/base/fontenc.sty
Package: fontenc 2025/07/18 v2.1d Standard LaTeX package
LaTeX Font Info:    Trying to load font information for T1+lmr on input line 116.
(c:/Users/MSI/AppData/Roaming/TinyTeX/texmf-dist/tex/latex/lm/t1lmr.fd
File: t1lmr.fd 2015/05/01 v1.6.1 Font defs for Latin Modern
)) (c:/Users/MSI/AppData/Roaming/TinyTeX/texmf-dist/tex/latex/ragged2e/ragged2e.sty
Package: ragged2e 2023/06/22 v3.6 ragged2e Package
\CenteringLeftskip=\skip66
\RaggedLeftLeftskip=\skip67
\RaggedRightLeftskip=\skip68
\CenteringRightskip=\skip69
\RaggedLeftRightskip=\skip70
\RaggedRightRightskip=\skip71
\CenteringParfillskip=\skip72
\RaggedLeftParfillskip=\skip73
\RaggedRightParfillskip=\skip74
\JustifyingParfillskip=\skip75
\CenteringParindent=\skip76
\RaggedLeftParindent=\skip77
\RaggedRightParindent=\skip78
\JustifyingParindent=\skip79
) (c:/Users/MSI/AppData/Roaming/TinyTeX/texmf-dist/tex/generic/babel/babel.sty
Package: babel 2026/04/15 v26.6 The multilingual framework for LuaLaTeX, pdfLaTeX and XeLaTeX
\babel@savecnt=\count319
LaTeX Encoding Info:    Redeclaring text command \ij (encoding OT1) on input line 2078.
LaTeX Encoding Info:    Redeclaring text command \IJ (encoding OT1) on input line 2080.
LaTeX Encoding Info:    Redeclaring text command \ij (encoding T1) on input line 2082.
LaTeX Encoding Info:    Redeclaring text command \IJ (encoding T1) on input line 2083.
LaTeX Encoding Info:    Ignoring declaration for text command \ij (encoding ?) on input line 2084.
LaTeX Encoding Info:    Ignoring declaration for text command \IJ (encoding ?) on input line 2086.
LaTeX Encoding Info:    Ignoring declaration for text command \SS (encoding ?) on input line 2111.
\U@D=\dimen184
\l@unhyphenated=\language4
(c:/Users/MSI/AppData/Roaming/TinyTeX/texmf-dist/tex/generic/babel/xebabel.def)
\bbl@readstream=\read3
\bbl@dirlevel=\count320
(c:/Users/MSI/AppData/Roaming/TinyTeX/texmf-dist/tex/generic/babel/locale/fr/babel-french.tex)
Package babel Info: Importing font and identification data for french
(babel)             from babel-fr.ini. Reported on input line 4330.
(c:/Users/MSI/AppData/Roaming/TinyTeX/texmf-dist/tex/generic/babel-french/french.ldf
Language: french 2025-08-15 v4.0e French support from the babel system
(c:/Users/MSI/AppData/Roaming/TinyTeX/texmf-dist/tex/generic/babel-french/french3.ldf
Language: french 2025-08-15 v3.7e French support from the babel system
\FB@stdchar=\count321
Package french3.ldf Info: No need for active punctuation characters
(french3.ldf)             with this version of XeTeX!
(french3.ldf)             reported on input line 154.
\FB@punctthick=\XeTeXcharclass4
\FB@punctthin=\XeTeXcharclass5
\FB@punctnul=\XeTeXcharclass6
\FB@guilo=\XeTeXcharclass7
\FB@guilf=\XeTeXcharclass8
\FB@guilnul=\XeTeXcharclass9
\FBguill@level=\count322
\FBold@everypar=\toks34
\FB@Mht=\dimen185
\mc@charclass=\count323
\mc@charfam=\count324
\mc@charslot=\count325
\std@mcc=\count326
\dec@mcc=\count327
\FB@pardim=\dimen186
\listindentFB=\dimen187
\descindentFB=\dimen188
\labelindentFB=\dimen189
\labelwidthFB=\dimen190
\leftmarginFB=\dimen191
\parindentFFN=\dimen192
\FBfnindent=\dimen193
))) (c:/Users/MSI/AppData/Roaming/TinyTeX/texmf-dist/tex/latex/carlisle/scalefnt.sty) (c:/Users/MSI/AppData/Roaming/TinyTeX/texmf-dist/tex/latex/tools/array.sty
Package: array 2025/09/25 v2.6n Tabular extension package (FMi)
\col@sep=\dimen194
\ar@mcellbox=\box66
\extrarowheight=\dimen195
\NC@list=\toks35
\extratabsurround=\skip80
\backup@length=\skip81
\ar@cellbox=\box67
) (c:/Users/MSI/AppData/Roaming/TinyTeX/texmf-dist/tex/latex/tools/calc.sty
Package: calc 2025/03/01 v4.3b Infix arithmetic (KKT,FJ)
\calc@Acount=\count328
\calc@Bcount=\count329
\calc@Adimen=\dimen196
\calc@Bdimen=\dimen197
\calc@Askip=\skip82
\calc@Bskip=\skip83
LaTeX Info: Redefining \setlength on input line 86.
LaTeX Info: Redefining \addtolength on input line 87.
\calc@Ccount=\count330
\calc@Cskip=\skip84
)
\c@theorem=\count331
\cslhangindent=\skip85
\csllabelwidth=\skip86
) (c:/Users/MSI/AppData/Roaming/TinyTeX/texmf-dist/tex/latex/l3backend/l3backend-xetex.def
File: l3backend-xetex.def 2026-02-18 L3 backend support: XeTeX
\g__graphics_track_int=\count332
\g__pdfannot_backend_int=\count333
\g__pdfannot_backend_link_int=\count334
) (./scdon2-UPV-report-template.aux

LaTeX Warning: Label `MOD' multiply defined.

)
\openout1 = `scdon2-UPV-report-template.aux'.

LaTeX Font Info:    Checking defaults for OML/cmm/m/it on input line 82.
LaTeX Font Info:    ... okay on input line 82.
LaTeX Font Info:    Checking defaults for OMS/cmsy/m/n on input line 82.
LaTeX Font Info:    ... okay on input line 82.
LaTeX Font Info:    Checking defaults for OT1/cmr/m/n on input line 82.
LaTeX Font Info:    ... okay on input line 82.
LaTeX Font Info:    Checking defaults for T1/cmr/m/n on input line 82.
LaTeX Font Info:    ... okay on input line 82.
LaTeX Font Info:    Checking defaults for TS1/cmr/m/n on input line 82.
LaTeX Font Info:    ... okay on input line 82.
LaTeX Font Info:    Checking defaults for TU/lmr/m/n on input line 82.
LaTeX Font Info:    ... okay on input line 82.
LaTeX Font Info:    Checking defaults for OMX/cmex/m/n on input line 82.
LaTeX Font Info:    ... okay on input line 82.
LaTeX Font Info:    Checking defaults for U/cmr/m/n on input line 82.
LaTeX Font Info:    ... okay on input line 82.
LaTeX Font Info:    Checking defaults for PD1/pdf/m/n on input line 82.
LaTeX Font Info:    ... okay on input line 82.
LaTeX Font Info:    Checking defaults for PU/pdf/m/n on input line 82.
LaTeX Font Info:    ... okay on input line 82.
Package hyperref Info: Link coloring ON on input line 82.
(./scdon2-UPV-report-template.out) (./scdon2-UPV-report-template.out)
\@outlinefile=\write4
\openout4 = `scdon2-UPV-report-template.out'.

LaTeX Info: Redefining \degres on input line 82.
File: logo-upvm_4.jpg Graphic file (type bmp)
<logo-upvm_4.jpg>
[1

]
File: signature_saraF.png Graphic file (type bmp)
<signature_saraF.png>
File: signature_sarahG.png Graphic file (type bmp)
<signature_sarahG.png>
File: signature_prisca.png Graphic file (type bmp)
<signature_prisca.png>
File: signature_stephanie.png Graphic file (type bmp)
<signature_stephanie.png>

Underfull \hbox (badness 10000) in paragraph at lines 103--113

 []

[1

]
Underfull \hbox (badness 10000) in paragraph at lines 124--133

 []

[2

] [3

] (./scdon2-UPV-report-template.toc
LaTeX Font Info:    Trying to load font information for U+msa on input line 4.
(c:/Users/MSI/AppData/Roaming/TinyTeX/texmf-dist/tex/latex/amsfonts/umsa.fd
File: umsa.fd 2013/01/14 v3.01 AMS symbols A
)
LaTeX Font Info:    Trying to load font information for U+msb on input line 4.
(c:/Users/MSI/AppData/Roaming/TinyTeX/texmf-dist/tex/latex/amsfonts/umsb.fd
File: umsb.fd 2013/01/14 v3.01 AMS symbols B
)
LaTeX Font Info:    Trying to load font information for U+lasy on input line 4.
(c:/Users/MSI/AppData/Roaming/TinyTeX/texmf-dist/tex/latex/base/ulasy.fd
File: ulasy.fd 1998/08/17 v2.2e LaTeX symbol font definitions
) [4

]
Overfull \hbox (2.68091pt too wide) detected at line 33
\T1/lmr/m/n/12 Chapitre 10 
 []


Overfull \hbox (2.68091pt too wide) detected at line 35
\T1/lmr/m/n/12 Chapitre 11 
 []


Overfull \hbox (2.68091pt too wide) detected at line 36
\T1/lmr/m/n/12 Chapitre 12 
 []

)
\tf@toc=\write5
\openout5 = `scdon2-UPV-report-template.toc'.

[5]
Chapitre 1.

Overfull \hbox (18.0pt too wide) in paragraph at lines 217--243
[]$[]$
 []

[1

] [2]
Chapitre 2.
LaTeX Font Info:    Trying to load font information for T1+lmtt on input line 248.
(c:/Users/MSI/AppData/Roaming/TinyTeX/texmf-dist/tex/latex/lm/t1lmtt.fd
File: t1lmtt.fd 2015/05/01 v1.6.1 Font defs for Latin Modern
)
Overfull \hbox (7.55666pt too wide) in paragraph at lines 248--251
[]\T1/lmr/m/n/12 pokemon : [][]$\T1/lmtt/m/n/12 https : / / www . kaggle . com / datasets / rounakbanik / pokemon$[][]\T1/lmr/m/n/12 ) et won-
 []


Overfull \hbox (17.12126pt too wide) in paragraph at lines 248--251
\T1/lmr/m/n/12 der trades : ([][]$\T1/lmtt/m/n/12 https : / / github . com / solash / pokemon-[]wondertrade-[]analytics / blob /
 []


Overfull \hbox (24.39265pt too wide) in alignment at lines 308--312
 [] [] [] [] 
 []


Overfull \hbox (24.39265pt too wide) in alignment at lines 312--315
 [] [] [] [] 
 []


Overfull \hbox (4.06853pt too wide) in paragraph at lines 317--317
[]|\T1/lmr/m/n/12 pokedex_number| 
 []


Underfull \hbox (badness 10000) in paragraph at lines 319--319
[]|\T1/lmr/m/n/12 Capacités spé-ciales
 []


Underfull \hbox (badness 10000) in paragraph at lines 320--320
[]|\T1/lmr/m/n/12 type2 peut être \T1/lmr/bx/n/12 vide
 []


Underfull \hbox (badness 1454) in paragraph at lines 329--329
[]|\T1/lmr/m/n/12 Statistiques de com-
 []


Overfull \hbox (28.45274pt too wide) in paragraph at lines 330--340
[]|$[]$| 
 []


Underfull \hbox (badness 10000) in paragraph at lines 343--343
[]|\T1/lmr/m/n/12 Somme des sta-tis-
 []


Overfull \hbox (24.39265pt too wide) in alignment at lines 315--348
 [] [] [] [] 
 []

[3

]
Overfull \hbox (24.39265pt too wide) in alignment at lines 353--357
 [] [] [] [] 
 []


Overfull \hbox (24.39265pt too wide) in alignment at lines 357--360
 [] [] [] [] 
 []


Underfull \hbox (badness 10000) in paragraph at lines 361--361
[]|\T1/lmr/m/n/12 ID du Po-ké-mon
 []


Underfull \hbox (badness 1931) in paragraph at lines 364--364
[]|\T1/lmr/m/n/12 Niveau du Po-ké-mon
 []


Underfull \hbox (badness 10000) in paragraph at lines 365--365
[]|\T1/lmr/m/n/12 Aspect chro-ma-tique
 []


Underfull \hbox (badness 3098) in paragraph at lines 366--366
[]|\T1/lmr/m/n/12 Le Po-ké-mon tient-il
 []


Overfull \hbox (4.12971pt too wide) in paragraph at lines 367--367
[]|\T1/lmr/m/n/12 hasHiddenAbility| 
 []


Underfull \hbox (badness 4378) in paragraph at lines 371--371
[]|\T1/lmr/m/n/12 Avis de l'uti-li-sa-teur
 []


Underfull \hbox (badness 10000) in paragraph at lines 372--372
[]|\T1/lmr/m/n/12 Date /
 []


Underfull \hbox (badness 10000) in paragraph at lines 372--372
[]|\T1/lmr/m/n/12 Moment pré-cis de
 []


Overfull \hbox (24.39265pt too wide) in alignment at lines 360--373
 [] [] [] [] 
 []


ignored: Infinite glue shrinkage found in box being split [4]
Overfull \hbox (24.39265pt too wide) in alignment at lines 384--388
 [] [] [] [] 
 []


Overfull \hbox (24.39265pt too wide) in alignment at lines 388--391
 [] [] [] [] 
 []


Overfull \hbox (24.39265pt too wide) in alignment at lines 391--397
 [] [] [] [] 
 []


Overfull \hbox (24.39265pt too wide) in alignment at lines 405--409
 [] [] [] [] 
 []


Overfull \hbox (24.39265pt too wide) in alignment at lines 409--412
 [] [] [] [] 
 []


Overfull \hbox (24.39265pt too wide) in alignment at lines 412--414
 [] [] [] [] 
 []

File: tuto-0019(1).png Graphic file (type bmp)
<tuto-0019(1).png>

Overfull \hbox (31.30774pt too wide) in paragraph at lines 427--428
 [][] 
 []

[5]
File: pokewonder (1).png Graphic file (type bmp)
<pokewonder (1).png>

Overfull \hbox (31.29506pt too wide) in paragraph at lines 437--438
 [][] 
 []

[6]
Overfull \hbox (15.98108pt too wide) in paragraph at lines 458--461
\T1/lmr/m/n/12 Per-fec-tIV, is-Shiny, le-vel, date, time, li-ked, #id_user, #id_trainer, #po-ke-dex_number) 
 []

Missing character: There is no “ ("201C) in font ec-lmtt12!
Missing character: There is no ” ("201D) in font ec-lmtt12!

Overfull \hbox (8.30434pt too wide) in paragraph at lines 530--530
[]  \T1/lmtt/m/n/12 =SI(J103=J104;SI(K103=K104;SI(L103=L104;Q103;Q103+1);Q103+1);Q103+1)[] 
 []

[7]
Overfull \hbox (2.3845pt too wide) in paragraph at lines 556--558
[]\T1/lmr/m/n/12 À par-tir du fi-chier \T1/lmr/bx/n/12 Won-der-Trade \T1/lmr/m/n/12 mo-di-fié, nous avons construit plu-sieurs tables : 
 []

File: schema_wondertrade.png Graphic file (type bmp)
<schema_wondertrade.png>
[8]
Overfull \hbox (6.00235pt too wide) in paragraph at lines 587--591
\T1/lmr/m/n/12 afin de sup-pri-mer les co-lonnes in-utiles : \T1/lmr/bx/it/12 weight_kg, ja-pa-nese_name, height_m,
 []


Overfull \hbox (33.2655pt too wide) in paragraph at lines 601--609
[]\T1/lmr/m/n/12 Ensuite nous créons une nou-velle co-lonne \T1/lmr/bx/it/12 ré-sis-tance \T1/lmr/m/n/12 avec le code ``=SOMME(B2 :S2)''
 []

Missing character: There is no “ ("201C) in font ec-lmtt12!
Missing character: There is no ” ("201D) in font ec-lmtt12!
[9]
Chapitre 3.
LaTeX Font Info:    Font shape `T1/lmtt/bx/n' in size <12> not available
(Font)              Font shape `T1/lmtt/b/n' tried instead on input line 659.
[10

]
File: requete1.png Graphic file (type bmp)
<requete1.png>
File: requete3.png Graphic file (type bmp)
<requete3.png>

Overfull \hbox (2.83879pt too wide) in paragraph at lines 774--775
 [][] 
 []

[11]
File: requete4.png Graphic file (type bmp)
<requete4.png>
File: requete5.png Graphic file (type bmp)
<requete5.png>
[12]
File: requete6.png Graphic file (type bmp)
<requete6.png>
File: requete7.png Graphic file (type bmp)
<requete7.png>
[13]
File: requete8.png Graphic file (type bmp)
<requete8.png>

Overfull \hbox (31.30228pt too wide) in paragraph at lines 897--898
 [][] 
 []

[14]
File: requete9.png Graphic file (type bmp)
<requete9.png>
File: requete10.png Graphic file (type bmp)
<requete10.png>
[15]
Overfull \hbox (4.61795pt too wide) in paragraph at lines 961--964
[]\T1/lmr/m/n/12 Enfin, l'étude des pro-fils de dres-seurs montre que cer-tains com-por-te-ments peuvent
 []

[16]
Chapitre 4.

Package hyperref Warning: Difference (2) between bookmark levels is greater 
(hyperref)                than one, level fixed on input line 995.

[17

]
Missing character: There is no ’ ("2019) in font ec-lmtt12!

Overfull \hbox (45.35435pt too wide) in paragraph at lines 1050--1050
[]\T1/lmtt/m/n/12 ## Warning in chisq.test(shiny_liked): Lapproximation du Chi-2 est peut-être[] 
 []

Missing character: There is no ’ ("2019) in font ec-lmtt12!

Overfull \hbox (45.35435pt too wide) in paragraph at lines 1070--1070
[]\T1/lmtt/m/n/12 ## Warning in chisq.test(shiny_liked): Lapproximation du Chi-2 est peut-être[] 
 []

Missing character: There is no → ("2192) in font ec-lmr12!
Missing character: There is no → ("2192) in font ec-lmr12!
[18]
LaTeX Font Info:    Trying to load font information for TS1+lmtt on input line 1161.
(c:/Users/MSI/AppData/Roaming/TinyTeX/texmf-dist/tex/latex/lm/ts1lmtt.fd
File: ts1lmtt.fd 2015/05/01 v1.6.1 Font defs for Latin Modern
)
File: scdon2-UPV-report-template_files/figure-latex/unnamed-chunk-8-1.pdf Graphic file (type pdf)
<use scdon2-UPV-report-template_files/figure-latex/unnamed-chunk-8-1.pdf>

Overfull \hbox (63.80798pt too wide) in paragraph at lines 1165--1167
[][]
 []

[19] [20]
File: scdon2-UPV-report-template_files/figure-latex/unnamed-chunk-10-1.pdf Graphic file (type pdf)
<use scdon2-UPV-report-template_files/figure-latex/unnamed-chunk-10-1.pdf>

Overfull \hbox (63.80798pt too wide) in paragraph at lines 1250--1252
[][]
 []

[21] [22]
Missing character: There is no ’ ("2019) in font ec-lmtt12!

Overfull \hbox (76.22937pt too wide) in paragraph at lines 1320--1320
[]\T1/lmtt/m/n/12 ## Warning in chisq.test(table_genre_type): Lapproximation du Chi-2 est peut-être[] 
 []

File: scdon2-UPV-report-template_files/figure-latex/unnamed-chunk-13-1.pdf Graphic file (type pdf)
<use scdon2-UPV-report-template_files/figure-latex/unnamed-chunk-13-1.pdf>

Overfull \hbox (63.80798pt too wide) in paragraph at lines 1350--1351
[][] 
 []

[23] [24]
Overfull \hbox (3.47803pt too wide) in paragraph at lines 1395--1400
[]\T1/lmr/m/n/12 H0 : il n'existe au-cune cor-ré-la-tion entre le taux de cap-ture et le nombre d'échanges
 []

File: scdon2-UPV-report-template_files/figure-latex/unnamed-chunk-15-1.pdf Graphic file (type pdf)
<use scdon2-UPV-report-template_files/figure-latex/unnamed-chunk-15-1.pdf>

Overfull \hbox (63.80798pt too wide) in paragraph at lines 1427--1428
[][] 
 []

[25]
Overfull \hbox (125.6294pt too wide) in paragraph at lines 1455--1455
[]\T1/lmtt/m/n/12 H0 : Il n'existe pas de corrélation entre la facilité de capture et le nombre d'échanges.[] 
 []

File: scdon2-UPV-report-template_files/figure-latex/unnamed-chunk-17-1.pdf Graphic file (type pdf)
<use scdon2-UPV-report-template_files/figure-latex/unnamed-chunk-17-1.pdf>

Overfull \hbox (63.80798pt too wide) in paragraph at lines 1492--1494
[][]
 []

[26]
Missing character: There is no → ("2192) in font ec-lmr12!
Missing character: There is no → ("2192) in font ec-lmr12!
[27] [28]
Chapitre 5.
Missing character: There is no   ("202F) in font ec-lmtt12!
[29

] [30]
Chapitre 6.
[31

]
Chapitre 7.

Overfull \hbox (650.50465pt too wide) in paragraph at lines 1722--1722
[]\T1/lmtt/m/n/12 Temporalité : Les données datent de 2015, ce qui correspond à la sixième génération de Pokémon. Les comportements pourraient différer sur les versions plus récentes (Switch).[] 
 []


Overfull \hbox (755.4797pt too wide) in paragraph at lines 1722--1722
[]\T1/lmtt/m/n/12 Variables manquantes : L'absence de données sur les "objets tenus" lors de l'échange limite notre interprétation, car un objet rare peut transformer un échange "commun" en échange "apprécié".[] 
 []

[32

]
Chapitre 8.
[33

]
Overfull \hbox (378.80452pt too wide) in paragraph at lines 1737--1737
[]\T1/lmtt/m/n/12 Bringay, S., & Ben-Sassi, I. Supports de cours : Bases de Données et Sciences des Données 2, Université Paul Valéry Montpellier 3.[] 
 []


Overfull \hbox (125.6294pt too wide) in paragraph at lines 1737--1737
[]\T1/lmtt/m/n/12 DellaData. L'ANOVA à un facteur : théorie et pratique. Consulté sur https://delladata.fr.[] 
 []


Overfull \hbox (33.00435pt too wide) in paragraph at lines 1737--1737
[]\T1/lmtt/m/n/12 The Pokémon Company. Données issues du système Global Trade Station (GTS).[] 
 []

[34

] [35

]
Chapitre 9.
[36

]
Chapitre 10.
[37

]
Chapitre 11.
[38

]
Chapitre 12.
[39

] [40

] [41

] (./scdon2-UPV-report-template.aux)
 ***********
LaTeX2e <2025-11-01>
L3 programming layer <2026-03-20>
 ***********

LaTeX Warning: There were multiply-defined labels.

Package rerunfilecheck Info: File `scdon2-UPV-report-template.out' has not changed.
(rerunfilecheck)             Checksum: 1DCC513F7A06DBA1A69487D3CE5AC2A0;6162.
 ) 
Here is how much of TeX's memory you used:
 13148 strings out of 469995
 213711 string characters out of 5473026
 650408 words of memory out of 5000000
 41695 multiletter control sequences out of 15000+600000
 672973 words of font info for 83 fonts, out of 8000000 for 9000
 16 hyphenation exceptions out of 8191
 77i,13n,82p,563b,560s stack positions out of 10000i,1000n,20000p,200000b,200000s

Output written on scdon2-UPV-report-template.pdf (47 pages).
